<?xml version="1.0" encoding="UTF-8"?>
<!-- Generated by org.testng.reporters.JUnitReportReporter -->
<testsuite skipped="0" hostname="DESKTOP-QJTDSKV" name="com.actitime.testscripts.CustomerModule" tests="1" failures="0" timestamp="2021-10-20T10:31:31 IST" time="14.880" errors="0">
  <testcase name="CreateCustomer" time="14.880" classname="com.actitime.testscripts.CustomerModule"/>
  <system-out>
    <![CDATA[createcustomer]]>
  </system-out>
</testsuite> <!-- com.actitime.testscripts.CustomerModule -->
